<?xml version="1.0" encoding="UTF-8"?>
<testsuite xmlns:xsi="http://www.w3.org/2001/XMLSchema-instance" xsi:noNamespaceSchemaLocation="https://maven.apache.org/surefire/maven-surefire-plugin/xsd/surefire-test-report-3.0.xsd" version="3.0" name="LocalBrokerUnitTest" time="0.204" tests="2" errors="0" skipped="0" failures="0">
  <properties>
    <property name="java.specification.version" value="19"/>
    <property name="sun.jnu.encoding" value="UTF-8"/>
    <property name="java.class.path" value="/Users/Michael/Documents/a_uni/Sem4/Distributed Sys/Topic2/Practical2/tasks/task5/broker/target/test-classes:/Users/Michael/Documents/a_uni/Sem4/Distributed Sys/Topic2/Practical2/tasks/task5/broker/target/classes:/Users/Michael/.m2/repository/junit/junit/4.12/junit-4.12.jar:/Users/Michael/.m2/repository/org/hamcrest/hamcrest-core/1.3/hamcrest-core-1.3.jar:/Users/Michael/Documents/a_uni/Sem4/Distributed Sys/Topic2/Practical2/tasks/task5/core/target/core-0.0.1.jar:"/>
    <property name="java.vm.vendor" value="Oracle Corporation"/>
    <property name="sun.arch.data.model" value="64"/>
    <property name="java.vendor.url" value="https://java.oracle.com/"/>
    <property name="os.name" value="Mac OS X"/>
    <property name="java.vm.specification.version" value="19"/>
    <property name="sun.java.launcher" value="SUN_STANDARD"/>
    <property name="user.country" value="IE"/>
    <property name="sun.boot.library.path" value="/Library/Java/JavaVirtualMachines/jdk-19.jdk/Contents/Home/lib"/>
    <property name="sun.java.command" value="/Users/Michael/Documents/a_uni/Sem4/Distributed Sys/Topic2/Practical2/tasks/task5/broker/target/surefire/surefirebooter-20230926154903989_12.jar /Users/Michael/Documents/a_uni/Sem4/Distributed Sys/Topic2/Practical2/tasks/task5/broker/target/surefire 2023-09-26T15-48-57_671-jvmRun1 surefire-20230926154903989_10tmp surefire_3-20230926154903989_11tmp"/>
    <property name="jdk.debug" value="release"/>
    <property name="surefire.test.class.path" value="/Users/Michael/Documents/a_uni/Sem4/Distributed Sys/Topic2/Practical2/tasks/task5/broker/target/test-classes:/Users/Michael/Documents/a_uni/Sem4/Distributed Sys/Topic2/Practical2/tasks/task5/broker/target/classes:/Users/Michael/.m2/repository/junit/junit/4.12/junit-4.12.jar:/Users/Michael/.m2/repository/org/hamcrest/hamcrest-core/1.3/hamcrest-core-1.3.jar:/Users/Michael/Documents/a_uni/Sem4/Distributed Sys/Topic2/Practical2/tasks/task5/core/target/core-0.0.1.jar:"/>
    <property name="sun.cpu.endian" value="little"/>
    <property name="user.home" value="/Users/Michael"/>
    <property name="user.language" value="en"/>
    <property name="java.specification.vendor" value="Oracle Corporation"/>
    <property name="java.version.date" value="2023-01-17"/>
    <property name="java.home" value="/Library/Java/JavaVirtualMachines/jdk-19.jdk/Contents/Home"/>
    <property name="file.separator" value="/"/>
    <property name="basedir" value="/Users/Michael/Documents/a_uni/Sem4/Distributed Sys/Topic2/Practical2/tasks/task5/broker"/>
    <property name="java.vm.compressedOopsMode" value="Zero based"/>
    <property name="line.separator" value="&#10;"/>
    <property name="java.specification.name" value="Java Platform API Specification"/>
    <property name="java.vm.specification.vendor" value="Oracle Corporation"/>
    <property name="apple.awt.application.name" value="ForkedBooter"/>
    <property name="surefire.real.class.path" value="/Users/Michael/Documents/a_uni/Sem4/Distributed Sys/Topic2/Practical2/tasks/task5/broker/target/surefire/surefirebooter-20230926154903989_12.jar"/>
    <property name="sun.management.compiler" value="HotSpot 64-Bit Tiered Compilers"/>
    <property name="java.runtime.version" value="19.0.2+7-44"/>
    <property name="user.name" value="Michael"/>
    <property name="stdout.encoding" value="UTF-8"/>
    <property name="path.separator" value=":"/>
    <property name="os.version" value="12.7"/>
    <property name="java.runtime.name" value="Java(TM) SE Runtime Environment"/>
    <property name="file.encoding" value="UTF-8"/>
    <property name="java.vm.name" value="Java HotSpot(TM) 64-Bit Server VM"/>
    <property name="localRepository" value="/Users/Michael/.m2/repository"/>
    <property name="java.vendor.url.bug" value="https://bugreport.java.com/bugreport/"/>
    <property name="java.io.tmpdir" value="/var/folders/qj/0p6x38x17hd9whx7ft5r8fch0000gn/T/"/>
    <property name="java.version" value="19.0.2"/>
    <property name="user.dir" value="/Users/Michael/Documents/a_uni/Sem4/Distributed Sys/Topic2/Practical2/tasks/task5/broker"/>
    <property name="os.arch" value="x86_64"/>
    <property name="java.vm.specification.name" value="Java Virtual Machine Specification"/>
    <property name="native.encoding" value="UTF-8"/>
    <property name="java.library.path" value="/Users/Michael/Library/Java/Extensions:/Library/Java/Extensions:/Network/Library/Java/Extensions:/System/Library/Java/Extensions:/usr/lib/java:."/>
    <property name="java.vm.info" value="mixed mode, sharing"/>
    <property name="stderr.encoding" value="UTF-8"/>
    <property name="java.vendor" value="Oracle Corporation"/>
    <property name="java.vm.version" value="19.0.2+7-44"/>
    <property name="sun.io.unicode.encoding" value="UnicodeBig"/>
    <property name="java.class.version" value="63.0"/>
  </properties>
  <testcase name="quotationsTest" classname="LocalBrokerUnitTest" time="0.033">
    <system-out><![CDATA[bs-BrokerService
]]></system-out>
  </testcase>
  <testcase name="connectionTest" classname="LocalBrokerUnitTest" time="0.0"/>
</testsuite>